<?xml version="1.0" encoding="UTF-8"?>
<!-- Generated by org.testng.reporters.JUnitXMLReporter -->
<testsuite ignored="0" hostname="Iulias-MacBook-Pro.local" failures="0" tests="3" name="Default test" time="51.483" errors="0" timestamp="28 Dec 2019 20:00:10 GMT">
  <testcase classname="com.noorteck.qa.tests.TaskTestTest" name="test1" time="2.487"/>
  <testcase classname="com.noorteck.qa.tests.TaskTestTest" name="test2" time="25.16"/>
  <testcase classname="com.noorteck.qa.tests.TaskTestTest" name="test3" time="4.578"/>
</testsuite> <!-- Default test -->
